{
  "stats": {
    "suites": 1,
    "tests": 1,
    "passes": 1,
    "pending": 0,
    "failures": 0,
    "start": "2026-08-25T03:39:01.017Z",
    "end": "2026-08-25T03:39:09.175Z",
    "duration": 8158,
    "testsRegistered": 1,
    "passPercent": 100,
    "pendingPercent": 0,
    "other": 0,
    "hasOther": false,
    "skipped": 0,
    "hasSkipped": false
  },
  "results": [
    {
      "uuid": "9bc8e96a-e2ba-4f2e-8923-6fc0180d5d7b",
      "title": "",
      "fullFile": "C:\\Users\\MeMiles\\Documents\\QA Enginer\\Sesi9_WEB UI AUTOMATION\\test\\Login-adduser.js",
      "file": "\\test\\Login-adduser.js",
      "beforeHooks": [],
      "afterHooks": [],
      "tests": [],
      "suites": [
        {
          "uuid": "68b65e2b-9732-4122-b28f-1c548894631e",
          "title": "website belajar bareng",
          "fullFile": "C:\\Users\\MeMiles\\Documents\\QA Enginer\\Sesi9_WEB UI AUTOMATION\\test\\Login-adduser.js",
          "file": "\\test\\Login-adduser.js",
          "beforeHooks": [],
          "afterHooks": [],
          "tests": [
            {
              "title": "Should login and add user successfully",
              "fullTitle": "website belajar bareng Should login and add user successfully",
              "timedOut": false,
              "duration": 8153,
              "state": "passed",
              "speed": "slow",
              "pass": true,
              "fail": false,
              "pending": false,
              "context": null,
              "code": "const driver = await new Builder().forBrowser(\"chrome\").build();\nawait driver.get(\"https://belajar-bareng.onrender.com\");\n    let username = await driver.findElement({css: 'input[placeholder=\"Username\"]'});\n    let password = await driver.findElement({css: 'input[placeholder=\"Password\"]'});\n    let loginButton = await driver.findElement({css: 'button[data-testid=\"login-button\"]'});\n    await username.click();\n    await username.sendKeys(\"admin\");\n    await password.click();\n    await password.sendKeys(\"admin\");\n    await loginButton.click();\n    let title = await driver.getTitle()\n    assert.strictEqual(title, \"User Management\")\n        await driver.sleep(2000);\n   await driver.get(\"https://belajar-bareng.onrender.com/add\");\n        let usernameAddUser = await driver.findElement({css: 'input[placeholder=\"Username\"]'});\n        let age = await driver.findElement({css: 'input[placeholder=\"Age\"]'});\n        let submitButton = await driver.findElement({css: 'button[data-testid=\"submit-button\"]'});\n        let addusername =\"mochRidwan\"\n        await usernameAddUser.sendKeys(addusername);\n        await age.sendKeys(\"26\");\n        await submitButton.click();\n        await driver.sleep(1000);\n     let expectedAlert =\n      `User successfully added, Hi ${addusername}!`;\n     let successMessage = await driver.findElement({\n      xpath: `//*[contains(text(), 'User successfully added')]`});\n     let alertText = await successMessage.getText();\n      assert.strictEqual(alertText, expectedAlert);\n \n \n   await driver.quit();",
              "err": {},
              "uuid": "461125df-dbc1-4e17-af40-37f197e6e2e5",
              "parentUUID": "68b65e2b-9732-4122-b28f-1c548894631e",
              "isHook": false,
              "skipped": false
            }
          ],
          "suites": [],
          "passes": [
            "461125df-dbc1-4e17-af40-37f197e6e2e5"
          ],
          "failures": [],
          "pending": [],
          "skipped": [],
          "duration": 8153,
          "root": false,
          "rootEmpty": false,
          "_timeout": 30000
        }
      ],
      "passes": [],
      "failures": [],
      "pending": [],
      "skipped": [],
      "duration": 0,
      "root": true,
      "rootEmpty": true,
      "_timeout": 20000
    }
  ],
  "meta": {
    "mocha": {
      "version": "11.8.0"
    },
    "mochawesome": {
      "options": {
        "quiet": false,
        "reportFilename": "mochawesome",
        "saveHtml": true,
        "saveJson": true,
        "consoleReporter": "spec",
        "useInlineDiffs": false,
        "code": true
      },
      "version": "8.0.1"
    },
    "marge": {
      "options": null,
      "version": "6.3.2"
    }
  }
}